Build started 03.03.2024 22:26:37.
     1>Project "C:\Users\miss-\Documents\Visual Studio 2010\Projects\EcoLab1\AssemblyFiles\Windows\VisualStudio_10\EcoLab1.vcxproj" on node 2 (build target(s)).
     1>InitializeBuildStatus:
         Creating "EcoLab1\DynamicDebug\EcoLab1.unsuccessfulbuild" because "AlwaysCreate" was specified.
       ClCompile:
         c:\Program Files (x86)\Microsoft Visual Studio 10.0\VC\bin\CL.exe /c /I..\..\..\HeaderFiles /I..\..\..\SharedFiles /I"C:\Users\miss-\Desktop\с\Eco.Framework_20230409\Eco.Framework\Eco.Core1\SharedFiles" /I"C:\Users\miss-\Desktop\с\Eco.Framework_20230409\Eco.Framework\Eco.InterfaceBus1\SharedFiles" /I"C:\Users\miss-\Desktop\с\Eco.Framework_20230409\Eco.Framework\Eco.System1\SharedFiles" /I"C:\Users\miss-\Desktop\с\Eco.Framework_20230409\Eco.Framework\Eco.MemoryManager1\SharedFiles" /I"C:\Users\miss-\Desktop\с\Eco.Framework_20230409\Eco.Framework\Eco.FileSystemManagement1\SharedFiles" /I"C:\Users\miss-\Desktop\с\Eco.Framework_20230409\Eco.Framework\Eco.List1\SharedFiles" /ZI /nologo /W3 /WX- /Od /Oy- /D WIN32 /D _DEBUG /D _WINDOWS /D ECO_WINDOWS /D ECO_WIN32 /D UGUID_UTILITY /D ECO_DLL /D _WINDLL /D _UNICODE /D UNICODE /Gm /EHsc /RTC1 /MTd /GS /fp:precise /Zc:wchar_t /Zc:forScope /Fo"EcoLab1\DynamicDebug\\" /Fd"EcoLab1\DynamicDebug\vc100.pdb" /Gz /TC /analyze- /errorReport:prompt ..\..\..\SourceFiles\CEcoLab1.c ..\..\..\SourceFiles\CEcoLab1Factory.c
         CEcoLab1Factory.c
         CEcoLab1.c
         Generating Code...
       MakeDirsForLink:
         Creating directory "C:\Users\miss-\Documents\Visual Studio 2010\Projects\EcoLab1\AssemblyFiles\Windows\VisualStudio_10\..\..\..\BuildFiles\Windows\x86\DynamicDebug".
     1>C:\Program Files (x86)\MSBuild\Microsoft.Cpp\v4.0\Microsoft.CppBuild.targets(990,5): warning MSB8012: TargetPath(C:\Users\miss-\Documents\Visual Studio 2010\Projects\EcoLab1\AssemblyFiles\Windows\VisualStudio_10\EcoLab1\DynamicDebug\A4C83EFF7E434C20B04DD452F0B7954C.dll) does not match the Linker's OutputFile property value (C:\Users\miss-\Documents\Visual Studio 2010\Projects\EcoLab1\BuildFiles\Windows\x86\DynamicDebug\A4C83EFF7E434C20B04DD452F0B7954C.dll). This may cause your project to build incorrectly. To correct this, please make sure that $(OutDir), $(TargetName) and $(TargetExt) property values match the value specified in %(Link.OutputFile).
       Link:
         c:\Program Files (x86)\Microsoft Visual Studio 10.0\VC\bin\link.exe /ERRORREPORT:PROMPT /OUT:"..\..\..\BuildFiles\Windows\x86\DynamicDebug\A4C83EFF7E434C20B04DD452F0B7954C.dll" /NOLOGO kernel32.lib user32.lib gdi32.lib winspool.lib comdlg32.lib advapi32.lib shell32.lib ole32.lib oleaut32.lib uuid.lib odbc32.lib odbccp32.lib /MANIFEST /ManifestFile:"EcoLab1\DynamicDebug\A4C83EFF7E434C20B04DD452F0B7954C.dll.intermediate.manifest" /MANIFESTUAC:"level='asInvoker' uiAccess='false'" /DEBUG /PDB:"C:\Users\miss-\Documents\Visual Studio 2010\Projects\EcoLab1\AssemblyFiles\Windows\VisualStudio_10\EcoLab1\DynamicDebug\A4C83EFF7E434C20B04DD452F0B7954C.pdb" /SUBSYSTEM:WINDOWS /TLBID:1 /DYNAMICBASE /NXCOMPAT /IMPLIB:"C:\Users\miss-\Documents\Visual Studio 2010\Projects\EcoLab1\AssemblyFiles\Windows\VisualStudio_10\EcoLab1\DynamicDebug\A4C83EFF7E434C20B04DD452F0B7954C.lib" /MACHINE:X86 /DLL EcoLab1\DynamicDebug\CEcoLab1.obj
         EcoLab1\DynamicDebug\CEcoLab1Factory.obj
            Creating library C:\Users\miss-\Documents\Visual Studio 2010\Projects\EcoLab1\AssemblyFiles\Windows\VisualStudio_10\EcoLab1\DynamicDebug\A4C83EFF7E434C20B04DD452F0B7954C.lib and object C:\Users\miss-\Documents\Visual Studio 2010\Projects\EcoLab1\AssemblyFiles\Windows\VisualStudio_10\EcoLab1\DynamicDebug\A4C83EFF7E434C20B04DD452F0B7954C.exp
         EcoLab1.vcxproj -> C:\Users\miss-\Documents\Visual Studio 2010\Projects\EcoLab1\AssemblyFiles\Windows\VisualStudio_10\EcoLab1\DynamicDebug\A4C83EFF7E434C20B04DD452F0B7954C.dll
       Manifest:
         C:\Program Files (x86)\Microsoft SDKs\Windows\v7.0A\bin\mt.exe /nologo /verbose /outputresource:"..\..\..\BuildFiles\Windows\x86\DynamicDebug\A4C83EFF7E434C20B04DD452F0B7954C.dll;#2" /manifest EcoLab1\DynamicDebug\A4C83EFF7E434C20B04DD452F0B7954C.dll.intermediate.manifest
       FinalizeBuildStatus:
         Deleting file "EcoLab1\DynamicDebug\EcoLab1.unsuccessfulbuild".
         Touching "EcoLab1\DynamicDebug\EcoLab1.lastbuildstate".
     1>Done Building Project "C:\Users\miss-\Documents\Visual Studio 2010\Projects\EcoLab1\AssemblyFiles\Windows\VisualStudio_10\EcoLab1.vcxproj" (build target(s)).

Build succeeded.

Time Elapsed 00:00:02.42
